<?xml version="1.0" encoding="utf-8" standalone="no"?>
<test-run id="0" runstate="Runnable" testcasecount="0" result="Failed" label="Invalid" total="0" passed="0" failed="0" warnings="0" inconclusive="0" skipped="0" asserts="0" engine-version="3.15.2.0" clr-version="6.0.6" start-time="2022-07-28 13:08:08Z" end-time="2022-07-28 13:08:08Z" duration="0.027570">
  <command-line><![CDATA[E:\NUnit.Console-3.15.2\bin\net6.0\nunit3-console.dll UnacademyAtmn.dll]]></command-line>
  <test-suite type="Assembly" id="1-1" name="UnacademyAtmn.dll" fullname="C:\Users\Sukanya Reddy\source\repos\UnacademyAtmn\UnacademyAtmn.dll" testcasecount="0" runstate="NotRunnable" result="Failed" label="Invalid">
    <properties>
      <property name="_SKIPREASON" value="File not found: C:\Users\Sukanya Reddy\source\repos\UnacademyAtmn\UnacademyAtmn.dll" />
    </properties>
    <reason>
      <message>File not found: C:\Users\Sukanya Reddy\source\repos\UnacademyAtmn\UnacademyAtmn.dll</message>
    </reason>
  </test-suite>
</test-run>